Build started 4/25/2014 11:26:42 AM.
     1>Project "C:\Users\James\Documents\GitHub\CS585-Project\VS2012_Solution\Car_Tracker\Car_Tracker.vcxproj" on node 2 (Build target(s)).
     1>ClCompile:
         C:\Program Files (x86)\Microsoft Visual Studio 11.0\VC\bin\CL.exe /c /IC:\opencv\build\x64\vc11/../../include /ZI /nologo /W3 /WX- /sdl /Od /Oy- /D WIN32 /D _DEBUG /D _CONSOLE /D _UNICODE /D UNICODE /Gm /EHsc /RTC1 /MDd /GS /fp:precise /Zc:wchar_t /Zc:forScope /Yc"stdafx.h" /Fp"Debug\Car_Tracker.pch" /Fo"Debug\\" /Fd"Debug\vc110.pdb" /Gd /TP /analyze- /errorReport:prompt stdafx.cpp
         stdafx.cpp
         C:\Program Files (x86)\Microsoft Visual Studio 11.0\VC\bin\CL.exe /c /IC:\opencv\build\x64\vc11/../../include /ZI /nologo /W3 /WX- /sdl /Od /Oy- /D WIN32 /D _DEBUG /D _CONSOLE /D _UNICODE /D UNICODE /Gm /EHsc /RTC1 /MDd /GS /fp:precise /Zc:wchar_t /Zc:forScope /Yu"stdafx.h" /Fp"Debug\Car_Tracker.pch" /Fo"Debug\\" /Fd"Debug\vc110.pdb" /Gd /TP /analyze- /errorReport:prompt Car_Tracker.cpp
         Car_Tracker.cpp
     1>c:\users\james\documents\github\cs585-project\vs2012_solution\car_tracker\car_tracker.cpp(52): warning C4018: '<' : signed/unsigned mismatch
       Link:
         C:\Program Files (x86)\Microsoft Visual Studio 11.0\VC\bin\link.exe /ERRORREPORT:PROMPT /OUT:"C:\Users\James\Documents\GitHub\CS585-Project\VS2012_Solution\Debug\Car_Tracker.exe" /INCREMENTAL /NOLOGO /LIBPATH:C:\opencv\build\x64\vc11/lib opencv_video247d.lib opencv_features2d247d.lib opencv_objdetect247d.lib opencv_core247d.lib opencv_imgproc247d.lib opencv_highgui247d.lib kernel32.lib user32.lib gdi32.lib winspool.lib comdlg32.lib advapi32.lib shell32.lib ole32.lib oleaut32.lib uuid.lib odbc32.lib odbccp32.lib kernel32.lib user32.lib gdi32.lib winspool.lib comdlg32.lib advapi32.lib shell32.lib ole32.lib oleaut32.lib uuid.lib odbc32.lib odbccp32.lib /MANIFEST /MANIFESTUAC:"level='asInvoker' uiAccess='false'" /manifest:embed /DEBUG /PDB:"C:\Users\James\Documents\GitHub\CS585-Project\VS2012_Solution\Debug\Car_Tracker.pdb" /SUBSYSTEM:CONSOLE /TLBID:1 /DYNAMICBASE /NXCOMPAT /IMPLIB:"C:\Users\James\Documents\GitHub\CS585-Project\VS2012_Solution\Debug\Car_Tracker.lib" /MACHINE:X86 Debug\Car_Tracker.obj
         Debug\stdafx.obj
     1>opencv_core247d.lib(opencv_core247d.dll) : fatal error LNK1112: module machine type 'x64' conflicts with target machine type 'X86'
     1>Done Building Project "C:\Users\James\Documents\GitHub\CS585-Project\VS2012_Solution\Car_Tracker\Car_Tracker.vcxproj" (Build target(s)) -- FAILED.

Build FAILED.

Time Elapsed 00:00:13.30
